<?xml version="1.0" encoding="UTF-8"?>
<!-- Generated by org.testng.reporters.JUnitXMLReporter -->
<testsuite hostname="Ebsi-LAT5540-32" name="Default test" tests="59" failures="0" timestamp="14 Sep 2016 09:25:57 GMT" time="0.336" errors="0">
  <testcase name="@BeforeClass setupBeforeSuite" time="0.0" classname="com.eperium.main.jumpstart.JumpStartTestSuite">
    <failure type="java.lang.NullPointerException">
      <![CDATA[java.lang.NullPointerException
	at java.util.Hashtable.hash(Unknown Source)
	at java.util.Hashtable.get(Unknown Source)
	at java.util.Properties.getProperty(Unknown Source)
	at com.eperium.testframework.utils.PropertyLoader.getUrlPropertiesFile(PropertyLoader.java:54)
	at com.eperium.main.jumpstart.JumpStartTestSuite.setupBeforeSuite(JumpStartTestSuite.java:93)
	at sun.reflect.NativeMethodAccessorImpl.invoke0(Native Method)
	at sun.reflect.NativeMethodAccessorImpl.invoke(Unknown Source)
	at sun.reflect.DelegatingMethodAccessorImpl.invoke(Unknown Source)
	at java.lang.reflect.Method.invoke(Unknown Source)
	at org.testng.internal.MethodInvocationHelper.invokeMethod(MethodInvocationHelper.java:85)
	at org.testng.internal.Invoker.invokeConfigurationMethod(Invoker.java:510)
	at org.testng.internal.Invoker.invokeConfigurations(Invoker.java:211)
	at org.testng.internal.Invoker.invokeConfigurations(Invoker.java:138)
	at org.testng.internal.TestMethodWorker.invokeBeforeClassMethods(TestMethodWorker.java:170)
	at org.testng.internal.TestMethodWorker.run(TestMethodWorker.java:104)
	at org.testng.TestRunner.privateRun(TestRunner.java:774)
	at org.testng.TestRunner.run(TestRunner.java:624)
	at org.testng.SuiteRunner.runTest(SuiteRunner.java:359)
	at org.testng.SuiteRunner.runSequentially(SuiteRunner.java:354)
	at org.testng.SuiteRunner.privateRun(SuiteRunner.java:312)
	at org.testng.SuiteRunner.run(SuiteRunner.java:261)
	at org.testng.SuiteRunnerWorker.runSuite(SuiteRunnerWorker.java:52)
	at org.testng.SuiteRunnerWorker.run(SuiteRunnerWorker.java:86)
	at org.testng.TestNG.runSuitesSequentially(TestNG.java:1215)
	at org.testng.TestNG.runSuitesLocally(TestNG.java:1140)
	at org.testng.TestNG.run(TestNG.java:1048)
	at org.testng.remote.AbstractRemoteTestNG.run(AbstractRemoteTestNG.java:126)
	at org.testng.remote.RemoteTestNG.initAndRun(RemoteTestNG.java:152)
	at org.testng.remote.RemoteTestNG.main(RemoteTestNG.java:57)
]]>
    </failure>
  </testcase> <!-- @BeforeClass setupBeforeSuite -->
  <testcase name="NavigateToListerPageAndVerify" time="0.002" classname="com.eperium.main.jumpstart.JumpStartTestSuite">
    <skipped/>
  </testcase> <!-- NavigateToListerPageAndVerify -->
  <testcase name="addToBasket" time="0.003" classname="com.eperium.main.jumpstart.JumpStartTestSuite">
    <skipped/>
  </testcase> <!-- addToBasket -->
  <testcase name="clickAddNewAddressLink" time="0.003" classname="com.eperium.main.jumpstart.JumpStartTestSuite">
    <skipped/>
  </testcase> <!-- clickAddNewAddressLink -->
  <testcase name="clickAddNewShipAddressLink" time="0.003" classname="com.eperium.main.jumpstart.JumpStartTestSuite">
    <skipped/>
  </testcase> <!-- clickAddNewShipAddressLink -->
  <testcase name="clickCreateAccount" time="0.003" classname="com.eperium.main.jumpstart.JumpStartTestSuite">
    <skipped/>
  </testcase> <!-- clickCreateAccount -->
  <testcase name="clickEditInvoiceLink" time="0.002" classname="com.eperium.main.jumpstart.JumpStartTestSuite">
    <skipped/>
  </testcase> <!-- clickEditInvoiceLink -->
  <testcase name="clickEditLinkForNormalAddress" time="0.002" classname="com.eperium.main.jumpstart.JumpStartTestSuite">
    <skipped/>
  </testcase> <!-- clickEditLinkForNormalAddress -->
  <testcase name="clickEditShippingLink" time="0.003" classname="com.eperium.main.jumpstart.JumpStartTestSuite">
    <skipped/>
  </testcase> <!-- clickEditShippingLink -->
  <testcase name="createAddress" time="0.002" classname="com.eperium.main.jumpstart.JumpStartTestSuite">
    <skipped/>
  </testcase> <!-- createAddress -->
  <testcase name="fillInAddressFormDuringCheckout" time="0.003" classname="com.eperium.main.jumpstart.JumpStartTestSuite">
    <skipped/>
  </testcase> <!-- fillInAddressFormDuringCheckout -->
  <testcase name="fillInAddressFormOnMyAccount" time="0.002" classname="com.eperium.main.jumpstart.JumpStartTestSuite">
    <skipped/>
  </testcase> <!-- fillInAddressFormOnMyAccount -->
  <testcase name="fillInEditAddressFormOnMyAccount" time="0.004" classname="com.eperium.main.jumpstart.JumpStartTestSuite">
    <skipped/>
  </testcase> <!-- fillInEditAddressFormOnMyAccount -->
  <testcase name="fillInvoiceAddressOnCheckoutAddress" time="0.001" classname="com.eperium.main.jumpstart.JumpStartTestSuite">
    <skipped/>
  </testcase> <!-- fillInvoiceAddressOnCheckoutAddress -->
  <testcase name="formValidationEditAddress" time="0.013" classname="com.eperium.main.jumpstart.JumpStartTestSuite">
    <skipped/>
  </testcase> <!-- formValidationEditAddress -->
  <testcase name="getValuesFromRegistrationField" time="0.002" classname="com.eperium.main.jumpstart.JumpStartTestSuite">
    <skipped/>
  </testcase> <!-- getValuesFromRegistrationField -->
  <testcase name="launchHomePage" time="0.002" classname="com.eperium.main.jumpstart.JumpStartTestSuite">
    <skipped/>
  </testcase> <!-- launchHomePage -->
  <testcase name="logInWithDynamicUser" time="0.002" classname="com.eperium.main.jumpstart.JumpStartTestSuite">
    <skipped/>
  </testcase> <!-- logInWithDynamicUser -->
  <testcase name="logInWithValidCredentials" time="0.002" classname="com.eperium.main.jumpstart.JumpStartTestSuite">
    <skipped/>
  </testcase> <!-- logInWithValidCredentials -->
  <testcase name="logInWithValidCredentials1" time="0.002" classname="com.eperium.main.jumpstart.JumpStartTestSuite">
    <skipped/>
  </testcase> <!-- logInWithValidCredentials1 -->
  <testcase name="loginDuringCheckout" time="0.001" classname="com.eperium.main.jumpstart.JumpStartTestSuite">
    <skipped/>
  </testcase> <!-- loginDuringCheckout -->
  <testcase name="logoutHeader" time="0.002" classname="com.eperium.main.jumpstart.JumpStartTestSuite">
    <skipped/>
  </testcase> <!-- logoutHeader -->
  <testcase name="mainNavigationToCategoryPage" time="0.001" classname="com.eperium.main.jumpstart.JumpStartTestSuite">
    <skipped/>
  </testcase> <!-- mainNavigationToCategoryPage -->
  <testcase name="makePayment" time="0.002" classname="com.eperium.main.jumpstart.JumpStartTestSuite">
    <skipped/>
  </testcase> <!-- makePayment -->
  <testcase name="navigateToLoginPage" time="0.002" classname="com.eperium.main.jumpstart.JumpStartTestSuite">
    <skipped/>
  </testcase> <!-- navigateToLoginPage -->
  <testcase name="navigateToLoginPage1" time="0.001" classname="com.eperium.main.jumpstart.JumpStartTestSuite">
    <skipped/>
  </testcase> <!-- navigateToLoginPage1 -->
  <testcase name="navigateToPDP" time="0.002" classname="com.eperium.main.jumpstart.JumpStartTestSuite">
    <skipped/>
  </testcase> <!-- navigateToPDP -->
  <testcase name="navigateToPDP_ListerPage" time="0.002" classname="com.eperium.main.jumpstart.JumpStartTestSuite">
    <skipped/>
  </testcase> <!-- navigateToPDP_ListerPage -->
  <testcase name="navigateToPaymentPage" time="0.003" classname="com.eperium.main.jumpstart.JumpStartTestSuite">
    <skipped/>
  </testcase> <!-- navigateToPaymentPage -->
  <testcase name="navigateToProfileSettingPage" time="0.002" classname="com.eperium.main.jumpstart.JumpStartTestSuite">
    <skipped/>
  </testcase> <!-- navigateToProfileSettingPage -->
  <testcase name="navigateToProfileSettingPage1" time="0.003" classname="com.eperium.main.jumpstart.JumpStartTestSuite">
    <skipped/>
  </testcase> <!-- navigateToProfileSettingPage1 -->
  <testcase name="navigateToRegistrationPage" time="0.002" classname="com.eperium.main.jumpstart.JumpStartTestSuite">
    <skipped/>
  </testcase> <!-- navigateToRegistrationPage -->
  <testcase name="navigateToReviewPage" time="0.003" classname="com.eperium.main.jumpstart.JumpStartTestSuite">
    <skipped/>
  </testcase> <!-- navigateToReviewPage -->
  <testcase name="navigateToSavedAddressPage" time="0.003" classname="com.eperium.main.jumpstart.JumpStartTestSuite">
    <skipped/>
  </testcase> <!-- navigateToSavedAddressPage -->
  <testcase name="navigateToSavedAddressPage1" time="0.002" classname="com.eperium.main.jumpstart.JumpStartTestSuite">
    <skipped/>
  </testcase> <!-- navigateToSavedAddressPage1 -->
  <testcase name="navigateToShippingPage" time="0.002" classname="com.eperium.main.jumpstart.JumpStartTestSuite">
    <skipped/>
  </testcase> <!-- navigateToShippingPage -->
  <testcase name="proceedToCheckout" time="0.002" classname="com.eperium.main.jumpstart.JumpStartTestSuite">
    <skipped/>
  </testcase> <!-- proceedToCheckout -->
  <testcase name="registrationFillAllValues" time="0.002" classname="com.eperium.main.jumpstart.JumpStartTestSuite">
    <skipped/>
  </testcase> <!-- registrationFillAllValues -->
  <testcase name="registrationValidCredentials" time="0.002" classname="com.eperium.main.jumpstart.JumpStartTestSuite">
    <skipped/>
  </testcase> <!-- registrationValidCredentials -->
  <testcase name="selectPaymentMethodInvoice" time="0.001" classname="com.eperium.main.jumpstart.JumpStartTestSuite">
    <skipped/>
  </testcase> <!-- selectPaymentMethodInvoice -->
  <testcase name="selectPaymentMethodMasterCard" time="0.003" classname="com.eperium.main.jumpstart.JumpStartTestSuite">
    <skipped/>
  </testcase> <!-- selectPaymentMethodMasterCard -->
  <testcase name="selectPaymentMethodOneTimeAuthorization" time="0.003" classname="com.eperium.main.jumpstart.JumpStartTestSuite">
    <skipped/>
  </testcase> <!-- selectPaymentMethodOneTimeAuthorization -->
  <testcase name="selectPaymentMethodVisa" time="0.002" classname="com.eperium.main.jumpstart.JumpStartTestSuite">
    <skipped/>
  </testcase> <!-- selectPaymentMethodVisa -->
  <testcase name="submitOrder" time="0.002" classname="com.eperium.main.jumpstart.JumpStartTestSuite">
    <skipped/>
  </testcase> <!-- submitOrder -->
  <testcase name="updateAddress" time="0.002" classname="com.eperium.main.jumpstart.JumpStartTestSuite">
    <skipped/>
  </testcase> <!-- updateAddress -->
  <testcase name="updateAddressOnAddressPage" time="0.002" classname="com.eperium.main.jumpstart.JumpStartTestSuite">
    <skipped/>
  </testcase> <!-- updateAddressOnAddressPage -->
  <testcase name="updateProductQuantity" time="0.002" classname="com.eperium.main.jumpstart.JumpStartTestSuite">
    <skipped/>
  </testcase> <!-- updateProductQuantity -->
  <testcase name="updateProductQuantityOnCartPage" time="0.001" classname="com.eperium.main.jumpstart.JumpStartTestSuite">
    <skipped/>
  </testcase> <!-- updateProductQuantityOnCartPage -->
  <testcase name="validateNewAddressFormFieldsOnMyAccount" time="0.002" classname="com.eperium.main.jumpstart.JumpStartTestSuite">
    <skipped/>
  </testcase> <!-- validateNewAddressFormFieldsOnMyAccount -->
  <testcase name="verifyGetProfileOnProfileSetting" time="0.002" classname="com.eperium.main.jumpstart.JumpStartTestSuite">
    <skipped/>
  </testcase> <!-- verifyGetProfileOnProfileSetting -->
  <testcase name="verifyGetProfileOnProfileSetting1" time="0.002" classname="com.eperium.main.jumpstart.JumpStartTestSuite">
    <skipped/>
  </testcase> <!-- verifyGetProfileOnProfileSetting1 -->
  <testcase name="verifyGetProfileOnProfileSetting2" time="0.002" classname="com.eperium.main.jumpstart.JumpStartTestSuite">
    <skipped/>
  </testcase> <!-- verifyGetProfileOnProfileSetting2 -->
  <testcase name="verifyGetProfileOnSavedAddress" time="0.007" classname="com.eperium.main.jumpstart.JumpStartTestSuite">
    <skipped/>
  </testcase> <!-- verifyGetProfileOnSavedAddress -->
  <testcase name="verifyGetProfileOnSavedAddress1" time="0.001" classname="com.eperium.main.jumpstart.JumpStartTestSuite">
    <skipped/>
  </testcase> <!-- verifyGetProfileOnSavedAddress1 -->
  <testcase name="verifySidePanelAddress" time="0.002" classname="com.eperium.main.jumpstart.JumpStartTestSuite">
    <skipped/>
  </testcase> <!-- verifySidePanelAddress -->
  <testcase name="verifySidePanelAddress1" time="0.001" classname="com.eperium.main.jumpstart.JumpStartTestSuite">
    <skipped/>
  </testcase> <!-- verifySidePanelAddress1 -->
  <testcase name="verifySidePanelAddress2" time="0.001" classname="com.eperium.main.jumpstart.JumpStartTestSuite">
    <skipped/>
  </testcase> <!-- verifySidePanelAddress2 -->
  <testcase name="verifySidePanelAddress3" time="0.002" classname="com.eperium.main.jumpstart.JumpStartTestSuite">
    <skipped/>
  </testcase> <!-- verifySidePanelAddress3 -->
  <testcase name="verifySidePanelAddress4" time="0.002" classname="com.eperium.main.jumpstart.JumpStartTestSuite">
    <skipped/>
  </testcase> <!-- verifySidePanelAddress4 -->
  <testcase name="verifySuccessfulOrder" time="0.002" classname="com.eperium.main.jumpstart.JumpStartTestSuite">
    <skipped/>
  </testcase> <!-- verifySuccessfulOrder -->
</testsuite> <!-- Default test -->
